<?xml version="1.0" encoding="UTF-8"?>
<testsuite name="com.jojoldu.book.springboot.web.IndexControllerTest" tests="1" skipped="0" failures="0" errors="0" timestamp="2020-02-10T10:52:01" hostname="DESKTOP-CI2L328" time="0.209">
  <properties/>
  <testcase name="메인페이지_로딩" classname="com.jojoldu.book.springboot.web.IndexControllerTest" time="0.209"/>
  <system-out><![CDATA[2020-02-10 19:51:58.804  INFO 8356 --- [    Test worker] .b.t.c.SpringBootTestContextBootstrapper : Neither @ContextConfiguration nor @ContextHierarchy found for test class [com.jojoldu.book.springboot.web.IndexControllerTest], using SpringBootContextLoader
2020-02-10 19:51:58.807  INFO 8356 --- [    Test worker] o.s.t.c.support.AbstractContextLoader    : Could not detect default resource locations for test class [com.jojoldu.book.springboot.web.IndexControllerTest]: no resource found for suffixes {-context.xml, Context.groovy}.
2020-02-10 19:51:58.807  INFO 8356 --- [    Test worker] t.c.s.AnnotationConfigContextLoaderUtils : Could not detect default configuration classes for test class [com.jojoldu.book.springboot.web.IndexControllerTest]: IndexControllerTest does not declare any static, non-private, non-final, nested classes annotated with @Configuration.
2020-02-10 19:51:58.818  INFO 8356 --- [    Test worker] .b.t.c.SpringBootTestContextBootstrapper : Found @SpringBootConfiguration com.jojoldu.book.springboot.Application for test class com.jojoldu.book.springboot.web.IndexControllerTest
2020-02-10 19:51:58.821  INFO 8356 --- [    Test worker] .b.t.c.SpringBootTestContextBootstrapper : Loaded default TestExecutionListener class names from location [META-INF/spring.factories]: [org.springframework.security.test.context.support.WithSecurityContextTestExecutionListener, org.springframework.security.test.context.support.ReactorContextTestExecutionListener, org.springframework.boot.test.autoconfigure.restdocs.RestDocsTestExecutionListener, org.springframework.boot.test.autoconfigure.web.client.MockRestServiceServerResetTestExecutionListener, org.springframework.boot.test.autoconfigure.web.servlet.MockMvcPrintOnlyOnFailureTestExecutionListener, org.springframework.boot.test.autoconfigure.web.servlet.WebDriverTestExecutionListener, org.springframework.boot.test.mock.mockito.MockitoTestExecutionListener, org.springframework.boot.test.mock.mockito.ResetMocksTestExecutionListener, org.springframework.test.context.web.ServletTestExecutionListener, org.springframework.test.context.support.DirtiesContextBeforeModesTestExecutionListener, org.springframework.test.context.support.DependencyInjectionTestExecutionListener, org.springframework.test.context.support.DirtiesContextTestExecutionListener, org.springframework.test.context.transaction.TransactionalTestExecutionListener, org.springframework.test.context.jdbc.SqlScriptsTestExecutionListener]
2020-02-10 19:51:58.824  INFO 8356 --- [    Test worker] .b.t.c.SpringBootTestContextBootstrapper : Using TestExecutionListeners: [org.springframework.test.context.web.ServletTestExecutionListener@75158c04, org.springframework.test.context.support.DirtiesContextBeforeModesTestExecutionListener@6d7ddd2d, org.springframework.boot.test.mock.mockito.MockitoTestExecutionListener@11b55adc, org.springframework.boot.test.autoconfigure.SpringBootDependencyInjectionTestExecutionListener@41570b2, org.springframework.test.context.support.DirtiesContextTestExecutionListener@5d39a998, org.springframework.test.context.transaction.TransactionalTestExecutionListener@5e2e83a7, org.springframework.test.context.jdbc.SqlScriptsTestExecutionListener@65764104, org.springframework.security.test.context.support.WithSecurityContextTestExecutionListener@4a492df8, org.springframework.security.test.context.support.ReactorContextTestExecutionListener@5aac3840, org.springframework.boot.test.autoconfigure.restdocs.RestDocsTestExecutionListener@7035ab09, org.springframework.boot.test.autoconfigure.web.client.MockRestServiceServerResetTestExecutionListener@271cba6a, org.springframework.boot.test.autoconfigure.web.servlet.MockMvcPrintOnlyOnFailureTestExecutionListener@2439759c, org.springframework.boot.test.autoconfigure.web.servlet.WebDriverTestExecutionListener@1fec2763, org.springframework.boot.test.mock.mockito.ResetMocksTestExecutionListener@425cba74]

  .   ____          _            __ _ _
 /\\ / ___'_ __ _ _(_)_ __  __ _ \ \ \ \
( ( )\___ | '_ | '_| | '_ \/ _` | \ \ \ \
 \\/  ___)| |_)| | | | | || (_| |  ) ) ) )
  '  |____| .__|_| |_|_| |_\__, | / / / /
 =========|_|==============|___/=/_/_/_/
 :: Spring Boot ::        (v2.1.7.RELEASE)

2020-02-10 19:51:58.877  INFO 8356 --- [    Test worker] c.j.b.s.web.IndexControllerTest          : Starting IndexControllerTest on DESKTOP-CI2L328 with PID 8356 (started by 종영 in C:\Users\whddu\IdeaProjects\freelec-springboot2-webservice)
2020-02-10 19:51:58.878  INFO 8356 --- [    Test worker] c.j.b.s.web.IndexControllerTest          : No active profile set, falling back to default profiles: default
2020-02-10 19:51:59.147  INFO 8356 --- [    Test worker] .s.d.r.c.RepositoryConfigurationDelegate : Bootstrapping Spring Data repositories in DEFAULT mode.
2020-02-10 19:51:59.172  INFO 8356 --- [    Test worker] .s.d.r.c.RepositoryConfigurationDelegate : Finished Spring Data repository scanning in 24ms. Found 2 repository interfaces.
2020-02-10 19:51:59.301  INFO 8356 --- [    Test worker] trationDelegate$BeanPostProcessorChecker : Bean 'org.springframework.transaction.annotation.ProxyTransactionManagementConfiguration' of type [org.springframework.transaction.annotation.ProxyTransactionManagementConfiguration$$EnhancerBySpringCGLIB$$758b9d5d] is not eligible for getting processed by all BeanPostProcessors (for example: not eligible for auto-proxying)
2020-02-10 19:51:59.609  INFO 8356 --- [    Test worker] o.s.b.w.embedded.tomcat.TomcatWebServer  : Tomcat initialized with port(s): 0 (http)
2020-02-10 19:51:59.646  INFO 8356 --- [    Test worker] o.apache.catalina.core.StandardService   : Starting service [Tomcat]
2020-02-10 19:51:59.647  INFO 8356 --- [    Test worker] org.apache.catalina.core.StandardEngine  : Starting Servlet engine: [Apache Tomcat/9.0.22]
2020-02-10 19:51:59.841  INFO 8356 --- [    Test worker] o.a.c.c.C.[Tomcat].[localhost].[/]       : Initializing Spring embedded WebApplicationContext
2020-02-10 19:51:59.841  INFO 8356 --- [    Test worker] o.s.web.context.ContextLoader            : Root WebApplicationContext: initialization completed in 960 ms
2020-02-10 19:52:00.035  INFO 8356 --- [    Test worker] com.zaxxer.hikari.HikariDataSource       : HikariPool-2 - Starting...
2020-02-10 19:52:00.037  INFO 8356 --- [    Test worker] com.zaxxer.hikari.HikariDataSource       : HikariPool-2 - Start completed.
2020-02-10 19:52:00.082  INFO 8356 --- [    Test worker] o.hibernate.jpa.internal.util.LogHelper  : HHH000204: Processing PersistenceUnitInfo [
	name: default
	...]
2020-02-10 19:52:00.093  INFO 8356 --- [    Test worker] org.hibernate.dialect.Dialect            : HHH000400: Using dialect: org.hibernate.dialect.MySQL5InnoDBDialect
Hibernate: drop table if exists posts
Hibernate: drop table if exists user
Hibernate: create table posts (id bigint not null auto_increment, create_date datetime, modified_date datetime, author varchar(255), content TEXT not null, title varchar(500) not null, primary key (id)) engine=InnoDB
Hibernate: create table user (id bigint not null auto_increment, email varchar(255) not null, name varchar(255) not null, picture varchar(255) not null, role varchar(255) not null, primary key (id)) engine=InnoDB
2020-02-10 19:52:00.158  INFO 8356 --- [    Test worker] o.h.t.schema.internal.SchemaCreatorImpl  : HHH000476: Executing import script 'org.hibernate.tool.schema.internal.exec.ScriptSourceInputNonExistentImpl@4bc1a2f5'
2020-02-10 19:52:00.159  INFO 8356 --- [    Test worker] j.LocalContainerEntityManagerFactoryBean : Initialized JPA EntityManagerFactory for persistence unit 'default'
2020-02-10 19:52:00.496  INFO 8356 --- [    Test worker] o.h.h.i.QueryTranslatorFactoryInitiator  : HHH000397: Using ASTQueryTranslatorFactory
2020-02-10 19:52:00.658  INFO 8356 --- [    Test worker] o.s.s.web.DefaultSecurityFilterChain     : Creating filter chain: any request, [org.springframework.security.web.context.request.async.WebAsyncManagerIntegrationFilter@278109, org.springframework.security.web.context.SecurityContextPersistenceFilter@3e3daab6, org.springframework.security.web.header.HeaderWriterFilter@7d6376b2, org.springframework.security.web.authentication.logout.LogoutFilter@29191a36, org.springframework.security.oauth2.client.web.OAuth2AuthorizationRequestRedirectFilter@2c69a5ac, org.springframework.security.oauth2.client.web.OAuth2LoginAuthenticationFilter@1bea2b0e, org.springframework.security.web.authentication.ui.DefaultLoginPageGeneratingFilter@7aa267ce, org.springframework.security.web.authentication.ui.DefaultLogoutPageGeneratingFilter@3ae539f4, org.springframework.security.web.savedrequest.RequestCacheAwareFilter@680a5ea0, org.springframework.security.web.servletapi.SecurityContextHolderAwareRequestFilter@eba73f5, org.springframework.security.web.authentication.AnonymousAuthenticationFilter@5bc0bfc1, org.springframework.security.web.session.SessionManagementFilter@52e4c105, org.springframework.security.web.access.ExceptionTranslationFilter@6eb70ac3, org.springframework.security.web.access.intercept.FilterSecurityInterceptor@76b99829]
2020-02-10 19:52:00.866  INFO 8356 --- [    Test worker] o.s.s.concurrent.ThreadPoolTaskExecutor  : Initializing ExecutorService 'applicationTaskExecutor'
2020-02-10 19:52:00.881  WARN 8356 --- [    Test worker] aWebConfiguration$JpaWebMvcConfiguration : spring.jpa.open-in-view is enabled by default. Therefore, database queries may be performed during view rendering. Explicitly configure spring.jpa.open-in-view to disable this warning
2020-02-10 19:52:00.910  INFO 8356 --- [    Test worker] o.s.b.a.w.s.WelcomePageHandlerMapping    : Adding welcome page template: index
2020-02-10 19:52:01.194  INFO 8356 --- [    Test worker] s.a.ScheduledAnnotationBeanPostProcessor : No TaskScheduler/ScheduledExecutorService bean found for scheduled processing
2020-02-10 19:52:01.216  INFO 8356 --- [    Test worker] o.s.b.w.embedded.tomcat.TomcatWebServer  : Tomcat started on port(s): 55922 (http) with context path ''
2020-02-10 19:52:01.217  INFO 8356 --- [    Test worker] c.j.b.s.web.IndexControllerTest          : Started IndexControllerTest in 2.385 seconds (JVM running for 13.643)
2020-02-10 19:52:01.322  INFO 8356 --- [o-auto-1-exec-1] o.a.c.c.C.[Tomcat].[localhost].[/]       : Initializing Spring DispatcherServlet 'dispatcherServlet'
2020-02-10 19:52:01.323  INFO 8356 --- [o-auto-1-exec-1] o.s.web.servlet.DispatcherServlet        : Initializing Servlet 'dispatcherServlet'
2020-02-10 19:52:01.341  INFO 8356 --- [o-auto-1-exec-1] o.s.web.servlet.DispatcherServlet        : Completed initialization in 18 ms
Hibernate: select posts0_.id as id1_0_, posts0_.create_date as create_d2_0_, posts0_.modified_date as modified3_0_, posts0_.author as author4_0_, posts0_.content as content5_0_, posts0_.title as title6_0_ from posts posts0_ order by posts0_.id DESC
]]></system-out>
  <system-err><![CDATA[]]></system-err>
</testsuite>
