<?xml version="1.0" encoding="UTF-8"?>
<testsuite name="com.jojoldu.book.springboot.web.IndexControllerTest" tests="1" skipped="0" failures="0" errors="0" timestamp="2020-01-31T09:26:37" hostname="DESKTOP-FP5VDV4" time="0.254">
  <properties/>
  <testcase name="메인페이지_로딩" classname="com.jojoldu.book.springboot.web.IndexControllerTest" time="0.254"/>
  <system-out><![CDATA[2020-01-31 18:26:33.940  INFO 20344 --- [    Test worker] .b.t.c.SpringBootTestContextBootstrapper : Neither @ContextConfiguration nor @ContextHierarchy found for test class [com.jojoldu.book.springboot.web.IndexControllerTest], using SpringBootContextLoader
2020-01-31 18:26:33.942  INFO 20344 --- [    Test worker] o.s.t.c.support.AbstractContextLoader    : Could not detect default resource locations for test class [com.jojoldu.book.springboot.web.IndexControllerTest]: no resource found for suffixes {-context.xml, Context.groovy}.
2020-01-31 18:26:33.942  INFO 20344 --- [    Test worker] t.c.s.AnnotationConfigContextLoaderUtils : Could not detect default configuration classes for test class [com.jojoldu.book.springboot.web.IndexControllerTest]: IndexControllerTest does not declare any static, non-private, non-final, nested classes annotated with @Configuration.
2020-01-31 18:26:33.953  INFO 20344 --- [    Test worker] .b.t.c.SpringBootTestContextBootstrapper : Found @SpringBootConfiguration com.jojoldu.book.springboot.Application for test class com.jojoldu.book.springboot.web.IndexControllerTest
2020-01-31 18:26:33.955  INFO 20344 --- [    Test worker] .b.t.c.SpringBootTestContextBootstrapper : Loaded default TestExecutionListener class names from location [META-INF/spring.factories]: [org.springframework.security.test.context.support.WithSecurityContextTestExecutionListener, org.springframework.security.test.context.support.ReactorContextTestExecutionListener, org.springframework.boot.test.autoconfigure.restdocs.RestDocsTestExecutionListener, org.springframework.boot.test.autoconfigure.web.client.MockRestServiceServerResetTestExecutionListener, org.springframework.boot.test.autoconfigure.web.servlet.MockMvcPrintOnlyOnFailureTestExecutionListener, org.springframework.boot.test.autoconfigure.web.servlet.WebDriverTestExecutionListener, org.springframework.boot.test.mock.mockito.MockitoTestExecutionListener, org.springframework.boot.test.mock.mockito.ResetMocksTestExecutionListener, org.springframework.test.context.web.ServletTestExecutionListener, org.springframework.test.context.support.DirtiesContextBeforeModesTestExecutionListener, org.springframework.test.context.support.DependencyInjectionTestExecutionListener, org.springframework.test.context.support.DirtiesContextTestExecutionListener, org.springframework.test.context.transaction.TransactionalTestExecutionListener, org.springframework.test.context.jdbc.SqlScriptsTestExecutionListener]
2020-01-31 18:26:33.957  INFO 20344 --- [    Test worker] .b.t.c.SpringBootTestContextBootstrapper : Using TestExecutionListeners: [org.springframework.test.context.web.ServletTestExecutionListener@2ada384c, org.springframework.test.context.support.DirtiesContextBeforeModesTestExecutionListener@451687e7, org.springframework.boot.test.mock.mockito.MockitoTestExecutionListener@2890ff70, org.springframework.boot.test.autoconfigure.SpringBootDependencyInjectionTestExecutionListener@234f9a96, org.springframework.test.context.support.DirtiesContextTestExecutionListener@58acdeeb, org.springframework.test.context.transaction.TransactionalTestExecutionListener@297453a6, org.springframework.test.context.jdbc.SqlScriptsTestExecutionListener@6b04287, org.springframework.security.test.context.support.WithSecurityContextTestExecutionListener@5974e3ed, org.springframework.security.test.context.support.ReactorContextTestExecutionListener@679125ae, org.springframework.boot.test.autoconfigure.restdocs.RestDocsTestExecutionListener@6cf3a399, org.springframework.boot.test.autoconfigure.web.client.MockRestServiceServerResetTestExecutionListener@685360fa, org.springframework.boot.test.autoconfigure.web.servlet.MockMvcPrintOnlyOnFailureTestExecutionListener@16469d96, org.springframework.boot.test.autoconfigure.web.servlet.WebDriverTestExecutionListener@781466a5, org.springframework.boot.test.mock.mockito.ResetMocksTestExecutionListener@98aed55]

  .   ____          _            __ _ _
 /\\ / ___'_ __ _ _(_)_ __  __ _ \ \ \ \
( ( )\___ | '_ | '_| | '_ \/ _` | \ \ \ \
 \\/  ___)| |_)| | | | | || (_| |  ) ) ) )
  '  |____| .__|_| |_|_| |_\__, | / / / /
 =========|_|==============|___/=/_/_/_/
 :: Spring Boot ::        (v2.1.7.RELEASE)

2020-01-31 18:26:34.003  INFO 20344 --- [    Test worker] c.j.b.s.web.IndexControllerTest          : Starting IndexControllerTest on DESKTOP-FP5VDV4 with PID 20344 (started by Jongyoung in C:\Springboot)
2020-01-31 18:26:34.004  INFO 20344 --- [    Test worker] c.j.b.s.web.IndexControllerTest          : No active profile set, falling back to default profiles: default
2020-01-31 18:26:34.413  INFO 20344 --- [    Test worker] .s.d.r.c.RepositoryConfigurationDelegate : Bootstrapping Spring Data repositories in DEFAULT mode.
2020-01-31 18:26:34.484  INFO 20344 --- [    Test worker] .s.d.r.c.RepositoryConfigurationDelegate : Finished Spring Data repository scanning in 67ms. Found 2 repository interfaces.
2020-01-31 18:26:34.684  INFO 20344 --- [    Test worker] trationDelegate$BeanPostProcessorChecker : Bean 'org.springframework.transaction.annotation.ProxyTransactionManagementConfiguration' of type [org.springframework.transaction.annotation.ProxyTransactionManagementConfiguration$$EnhancerBySpringCGLIB$$a17c543] is not eligible for getting processed by all BeanPostProcessors (for example: not eligible for auto-proxying)
2020-01-31 18:26:35.037  INFO 20344 --- [    Test worker] o.s.b.w.embedded.tomcat.TomcatWebServer  : Tomcat initialized with port(s): 0 (http)
2020-01-31 18:26:35.083  INFO 20344 --- [    Test worker] o.apache.catalina.core.StandardService   : Starting service [Tomcat]
2020-01-31 18:26:35.084  INFO 20344 --- [    Test worker] org.apache.catalina.core.StandardEngine  : Starting Servlet engine: [Apache Tomcat/9.0.22]
2020-01-31 18:26:35.361  INFO 20344 --- [    Test worker] o.a.c.c.C.[Tomcat].[localhost].[/]       : Initializing Spring embedded WebApplicationContext
2020-01-31 18:26:35.362  INFO 20344 --- [    Test worker] o.s.web.context.ContextLoader            : Root WebApplicationContext: initialization completed in 1355 ms
2020-01-31 18:26:35.668  INFO 20344 --- [    Test worker] com.zaxxer.hikari.HikariDataSource       : HikariPool-2 - Starting...
2020-01-31 18:26:35.670  INFO 20344 --- [    Test worker] com.zaxxer.hikari.HikariDataSource       : HikariPool-2 - Start completed.
2020-01-31 18:26:35.724  INFO 20344 --- [    Test worker] o.hibernate.jpa.internal.util.LogHelper  : HHH000204: Processing PersistenceUnitInfo [
	name: default
	...]
2020-01-31 18:26:35.742  INFO 20344 --- [    Test worker] org.hibernate.dialect.Dialect            : HHH000400: Using dialect: org.hibernate.dialect.H2Dialect
2020-01-31 18:26:35.821  INFO 20344 --- [    Test worker] o.h.t.schema.internal.SchemaCreatorImpl  : HHH000476: Executing import script 'org.hibernate.tool.schema.internal.exec.ScriptSourceInputNonExistentImpl@58daffa4'
2020-01-31 18:26:35.821  INFO 20344 --- [    Test worker] j.LocalContainerEntityManagerFactoryBean : Initialized JPA EntityManagerFactory for persistence unit 'default'
2020-01-31 18:26:36.246  INFO 20344 --- [    Test worker] o.h.h.i.QueryTranslatorFactoryInitiator  : HHH000397: Using ASTQueryTranslatorFactory
2020-01-31 18:26:36.434  INFO 20344 --- [    Test worker] o.s.s.web.DefaultSecurityFilterChain     : Creating filter chain: any request, [org.springframework.security.web.context.request.async.WebAsyncManagerIntegrationFilter@37222221, org.springframework.security.web.context.SecurityContextPersistenceFilter@6b7e7e2f, org.springframework.security.web.header.HeaderWriterFilter@1a970fbd, org.springframework.security.web.authentication.logout.LogoutFilter@439523f3, org.springframework.security.oauth2.client.web.OAuth2AuthorizationRequestRedirectFilter@18b024bb, org.springframework.security.oauth2.client.web.OAuth2LoginAuthenticationFilter@6c5bb6ba, org.springframework.security.web.authentication.ui.DefaultLoginPageGeneratingFilter@5b02b1ba, org.springframework.security.web.authentication.ui.DefaultLogoutPageGeneratingFilter@13e5c699, org.springframework.security.web.savedrequest.RequestCacheAwareFilter@719c7fb2, org.springframework.security.web.servletapi.SecurityContextHolderAwareRequestFilter@53546cdb, org.springframework.security.web.authentication.AnonymousAuthenticationFilter@ae9bda2, org.springframework.security.web.session.SessionManagementFilter@18120992, org.springframework.security.web.access.ExceptionTranslationFilter@58585416, org.springframework.security.web.access.intercept.FilterSecurityInterceptor@4f2d69dd]
2020-01-31 18:26:36.727  INFO 20344 --- [    Test worker] o.s.s.concurrent.ThreadPoolTaskExecutor  : Initializing ExecutorService 'applicationTaskExecutor'
2020-01-31 18:26:36.744  WARN 20344 --- [    Test worker] aWebConfiguration$JpaWebMvcConfiguration : spring.jpa.open-in-view is enabled by default. Therefore, database queries may be performed during view rendering. Explicitly configure spring.jpa.open-in-view to disable this warning
2020-01-31 18:26:36.781  INFO 20344 --- [    Test worker] o.s.b.a.w.s.WelcomePageHandlerMapping    : Adding welcome page template: index
2020-01-31 18:26:37.130  INFO 20344 --- [    Test worker] s.a.ScheduledAnnotationBeanPostProcessor : No TaskScheduler/ScheduledExecutorService bean found for scheduled processing
2020-01-31 18:26:37.156  INFO 20344 --- [    Test worker] o.s.b.w.embedded.tomcat.TomcatWebServer  : Tomcat started on port(s): 58611 (http) with context path ''
2020-01-31 18:26:37.157  INFO 20344 --- [    Test worker] c.j.b.s.web.IndexControllerTest          : Started IndexControllerTest in 3.196 seconds (JVM running for 14.801)
2020-01-31 18:26:37.286  INFO 20344 --- [o-auto-1-exec-1] o.a.c.c.C.[Tomcat].[localhost].[/]       : Initializing Spring DispatcherServlet 'dispatcherServlet'
2020-01-31 18:26:37.287  INFO 20344 --- [o-auto-1-exec-1] o.s.web.servlet.DispatcherServlet        : Initializing Servlet 'dispatcherServlet'
2020-01-31 18:26:37.312  INFO 20344 --- [o-auto-1-exec-1] o.s.web.servlet.DispatcherServlet        : Completed initialization in 25 ms
]]></system-out>
  <system-err><![CDATA[]]></system-err>
</testsuite>
